GROUP,PACKAGE,CLASS,INSTRUCTION_MISSED,INSTRUCTION_COVERED,BRANCH_MISSED,BRANCH_COVERED,LINE_MISSED,LINE_COVERED,COMPLEXITY_MISSED,COMPLEXITY_COVERED,METHOD_MISSED,METHOD_COVERED
minimall,com.minimall.dto,LiveRoomResponse,72,0,0,0,14,0,2,0,2,0
minimall,com.minimall.dto,MemberBenefitsResponse,50,0,4,0,9,0,4,0,2,0
minimall,com.minimall.dto,LikeResponse,9,0,0,0,1,0,1,0,1,0
minimall,com.minimall.dto,ShareResponse,15,0,0,0,1,0,1,0,1,0
minimall,com.minimall.dto,DeductPointsRequest,12,0,0,0,1,0,1,0,1,0
minimall,com.minimall.dto,OrderDTO.OrderItemDTO,38,0,0,0,11,0,11,0,11,0
minimall,com.minimall.dto,UserDTO,76,0,0,0,21,0,14,0,14,0
minimall,com.minimall.dto,CouponResponse,30,0,0,0,1,0,1,0,1,0
minimall,com.minimall.dto,LiveGoodsResponse,52,0,0,0,11,0,2,0,2,0
minimall,com.minimall.dto,OrderDTO,73,0,0,0,21,0,21,0,21,0
minimall,com.minimall.dto,DtoMapper,127,0,0,0,30,0,5,0,5,0
minimall,com.minimall.dto,ShareRequest,9,0,0,0,1,0,1,0,1,0
minimall,com.minimall.dto,LiveCommentResponse,42,0,0,0,9,0,2,0,2,0
minimall,com.minimall.dto,CouponRequest,24,0,0,0,1,0,1,0,1,0
minimall,com.minimall.dto,PointTransactionResponse,43,0,0,0,9,0,2,0,2,0
minimall,com.minimall.dto,CategoryDTO,70,0,2,0,18,0,13,0,12,0
minimall,com.minimall.dto,ProductDTO,52,0,0,0,15,0,15,0,15,0
minimall,com.minimall.dto,PointAccountResponse,33,0,0,0,7,0,2,0,2,0
minimall,com.minimall.exception,GlobalExceptionHandler,164,0,4,0,37,0,15,0,13,0
minimall,com.minimall.exception,OrderException,11,0,0,0,4,0,2,0,2,0
minimall,com.minimall.exception,PaymentException,11,0,0,0,4,0,2,0,2,0
minimall,com.minimall.exception,GlobalExceptionHandler.ErrorResponse,26,0,0,0,3,0,3,0,3,0
minimall,com.minimall.exception,UnauthorizedException,4,0,0,0,2,0,1,0,1,0
minimall,com.minimall.exception,ValidationException,11,0,0,0,4,0,2,0,2,0
minimall,com.minimall.exception,BusinessException,25,0,0,0,10,0,4,0,4,0
minimall,com.minimall.util,PemUtils,47,0,0,0,13,0,2,0,2,0
minimall,com.minimall.service,StatsService.OrdersTrendEntry,12,0,0,0,1,0,1,0,1,0
minimall,com.minimall.service,LiveService,194,0,2,0,43,0,12,0,11,0
minimall,com.minimall.service,AdminUserService,63,0,2,0,15,0,6,0,5,0
minimall,com.minimall.service,PointService,319,6,4,0,73,1,13,1,11,1
minimall,com.minimall.service,WeChatSubscribeService.TemplateData,6,0,0,0,1,0,1,0,1,0
minimall,com.minimall.service,StatsService,158,0,10,0,31,0,9,0,4,0
minimall,com.minimall.service,PaymentService,74,0,2,0,17,0,6,0,5,0
minimall,com.minimall.service,CouponService,241,0,14,0,58,0,19,0,12,0
minimall,com.minimall.service,UserService,70,0,0,0,14,0,8,0,8,0
minimall,com.minimall.service,WeChatSubscribeService,463,7,22,0,101,2,34,1,23,1
minimall,com.minimall.service,JwtService,154,0,0,0,48,0,11,0,11,0
minimall,com.minimall.service,ShareService,144,0,0,0,32,0,10,0,10,0
minimall,com.minimall.service,OrderService,15,247,3,7,2,55,5,13,2,11
minimall,com.minimall.service,StatsService.DashboardStats,18,0,0,0,1,0,1,0,1,0
minimall,com.minimall.service,MemberService,105,0,6,0,21,0,9,0,6,0
minimall,com.minimall.service,ProductService,132,0,0,0,30,0,14,0,14,0
minimall,com.minimall.service,PayService,262,0,14,0,64,0,15,0,8,0
minimall,com.minimall.service,CustomerServiceService,325,0,32,0,76,0,34,0,18,0
minimall,com.minimall,MinimallApplication,8,0,0,0,3,0,2,0,2,0
minimall,com.minimall.config,AsyncConfig,28,0,0,0,9,0,2,0,2,0
minimall,com.minimall.config,JwtAuthenticationFilter,88,0,16,0,21,0,11,0,3,0
minimall,com.minimall.config,MemberGradeInitializer,82,0,2,0,12,0,3,0,2,0
minimall,com.minimall.config,LiveWebSocketHandler.CommentMessage,15,0,0,0,1,0,1,0,1,0
minimall,com.minimall.config,OpenApiConfig,114,0,0,0,29,0,5,0,5,0
minimall,com.minimall.config,JwtAuthenticationFilter.UserPrincipal,9,0,0,0,1,0,1,0,1,0
minimall,com.minimall.config,WeChatSubscribeConfig,45,0,0,0,13,0,13,0,13,0
minimall,com.minimall.config,QueryPerformanceMonitor,73,0,2,0,15,0,4,0,3,0
minimall,com.minimall.config,MetricsConfig,111,0,0,0,31,0,8,0,8,0
minimall,com.minimall.config,SecurityUtils,40,0,10,0,10,0,8,0,3,0
minimall,com.minimall.config,SecurityConfig,160,0,0,0,23,0,6,0,6,0
minimall,com.minimall.config,WebSocketConfig,25,0,0,0,6,0,2,0,2,0
minimall,com.minimall.config,CaffeineCacheConfig,26,0,0,0,8,0,3,0,3,0
minimall,com.minimall.config,CustomerServiceConfig,25,0,0,0,7,0,5,0,5,0
minimall,com.minimall.config,WeChatPayConfig,109,0,0,0,30,0,21,0,21,0
minimall,com.minimall.config,LiveWebSocketHandler,154,0,16,0,38,0,15,0,7,0
minimall,com.minimall.model,Order.PayStatus,0,21,0,0,0,2,0,1,0,1
minimall,com.minimall.model,CustomerServiceMessage.MessageType,33,0,0,0,2,0,1,0,1,0
minimall,com.minimall.model,UserCoupon,55,0,0,0,17,0,15,0,15,0
minimall,com.minimall.model,MemberGrade,63,0,0,0,20,0,14,0,14,0
minimall,com.minimall.model,AdminUser,62,0,0,0,21,0,15,0,15,0
minimall,com.minimall.model,LiveRoom.LiveStatus,21,0,0,0,2,0,1,0,1,0
minimall,com.minimall.model,Coupon,83,0,0,0,25,0,23,0,23,0
minimall,com.minimall.model,CustomerServiceMessage.Status,27,0,0,0,2,0,1,0,1,0
minimall,com.minimall.model,Category,63,0,0,0,22,0,15,0,15,0
minimall,com.minimall.model,OrderItem,13,25,0,0,4,7,4,7,4,7
minimall,com.minimall.model,Product,52,25,0,0,17,9,14,5,14,5
minimall,com.minimall.model,UserSubscription,74,0,0,0,24,0,17,0,17,0
minimall,com.minimall.model,AdminUser.Role,15,0,0,0,2,0,1,0,1,0
minimall,com.minimall.model,LiveLike,31,0,0,0,10,0,9,0,9,0
minimall,com.minimall.model,Coupon.CouponType,21,0,0,0,2,0,1,0,1,0
minimall,com.minimall.model,ShareReward.RewardType,15,0,0,0,2,0,1,0,1,0
minimall,com.minimall.model,CustomerServiceMessage,125,0,0,0,42,0,29,0,29,0
minimall,com.minimall.model,User,56,19,0,0,17,6,16,3,16,3
minimall,com.minimall.model,PointTransaction.Type,15,0,0,0,2,0,1,0,1,0
minimall,com.minimall.model,LiveComment,52,0,0,0,16,0,15,0,15,0
minimall,com.minimall.model,PointAccount,64,0,0,0,21,0,15,0,15,0
minimall,com.minimall.model,User.Role,0,15,0,0,0,2,0,1,0,1
minimall,com.minimall.model,PointTransaction,59,0,0,0,18,0,17,0,17,0
minimall,com.minimall.model,LiveRoom,121,0,0,0,38,0,29,0,29,0
minimall,com.minimall.model,Order.Status,0,33,0,0,0,2,0,1,0,1
minimall,com.minimall.model,Order,20,74,0,0,8,21,5,18,5,18
minimall,com.minimall.model,LiveGoods,85,0,0,0,27,0,21,0,21,0
minimall,com.minimall.model,ShareReward,59,0,0,0,18,0,17,0,17,0
minimall,com.minimall.controller,ProductController,140,0,12,0,19,0,14,0,8,0
minimall,com.minimall.controller,PointController,113,0,2,0,25,0,10,0,9,0
minimall,com.minimall.controller,AdminAuthController,62,0,2,0,11,0,5,0,4,0
minimall,com.minimall.controller,CustomerServiceController,52,0,0,0,11,0,8,0,8,0
minimall,com.minimall.controller,MembershipController,49,0,0,0,12,0,3,0,3,0
minimall,com.minimall.controller,CouponController,71,0,0,0,12,0,8,0,8,0
minimall,com.minimall.controller,AuthController.RegisterRequest,15,0,0,0,1,0,1,0,1,0
minimall,com.minimall.controller,AdminAuthController.LoginRequest,9,0,0,0,1,0,1,0,1,0
minimall,com.minimall.controller,AdminController,5,0,0,0,2,0,2,0,2,0
minimall,com.minimall.controller,ImageUploadController,236,0,24,0,54,0,15,0,3,0
minimall,com.minimall.controller,AdminOrderController,220,0,14,0,40,0,16,0,9,0
minimall,com.minimall.controller,CategoryController.CategoryRequest,15,0,0,0,1,0,1,0,1,0
minimall,com.minimall.controller,AdminProductController,51,0,0,0,14,0,5,0,5,0
minimall,com.minimall.controller,CategoryController,170,0,10,0,32,0,14,0,9,0
minimall,com.minimall.controller,LiveController,55,0,0,0,10,0,7,0,7,0
minimall,com.minimall.controller,PayController,90,0,2,0,22,0,4,0,3,0
minimall,com.minimall.controller,OrderController.CreateOrderRequest,3,0,0,0,1,0,1,0,1,0
minimall,com.minimall.controller,PaymentController,63,0,0,0,16,0,4,0,4,0
minimall,com.minimall.controller,StatsController,17,0,0,0,5,0,3,0,3,0
minimall,com.minimall.controller,AuthController.LoginResponse,9,0,0,0,1,0,1,0,1,0
minimall,com.minimall.controller,ShareController,38,0,0,0,7,0,4,0,4,0
minimall,com.minimall.controller,AdminAuthController.LoginResponse,15,0,0,0,1,0,1,0,1,0
minimall,com.minimall.controller,UserController,51,0,4,0,11,0,6,0,4,0
minimall,com.minimall.controller,AuthController.LoginRequest,6,0,0,0,1,0,1,0,1,0
minimall,com.minimall.controller,AuthController,97,0,10,0,21,0,8,0,3,0
minimall,com.minimall.controller,OrderController,139,0,12,0,26,0,13,0,7,0
minimall,com.minimall.controller,HealthController,21,0,0,0,5,0,2,0,2,0
