<?xml version="1.0" encoding="UTF-8"?>
<testsuite xmlns:xsi="http://www.w3.org/2001/XMLSchema-instance" xsi:noNamespaceSchemaLocation="https://maven.apache.org/surefire/maven-surefire-plugin/xsd/surefire-test-report-3.0.xsd" version="3.0" name="com.minimall.repository.CustomerServiceMessageRepositoryTest" time="2.142" tests="2" errors="0" skipped="0" failures="0">
  <properties>
[...]
</properties>
  <testcase name="findPendingMessages_returnsOnlyPending" classname="com.minimall.repository.CustomerServiceMessageRepositoryTest" time="0.385">
    <system-out><![CDATA[07:53:28.996 [main] INFO org.springframework.test.context.support.AnnotationConfigContextLoaderUtils -- Could not detect default configuration classes for test class [com.minimall.repository.CustomerServiceMessageRepositoryTest]: CustomerServiceMessageRepositoryTest does not declare any static, non-private, non-final, nested classes annotated with @Configuration.
07:53:29.071 [main] INFO org.springframework.boot.test.context.SpringBootTestContextBootstrapper -- Found @SpringBootConfiguration com.minimall.MinimallApplication for test class com.minimall.repository.CustomerServiceMessageRepositoryTest

  .   ____          _            __ _ _
 /\\ / ___'_ __ _ _(_)_ __  __ _ \ \ \ \
( ( )\___ | '_ | '_| | '_ \/ _` | \ \ \ \
 \\/  ___)| |_)| | | | | || (_| |  ) ) ) )
  '  |____| .__|_| |_|_| |_\__, | / / / /
 =========|_|==============|___/=/_/_/_/
 :: Spring Boot ::                (v3.2.5)

2026-05-02T07:53:29.232+08:00  INFO 78710 --- [minimall] [           main] m.r.CustomerServiceMessageRepositoryTest : Starting CustomerServiceMessageRepositoryTest using Java 25.0.2 with PID 78710 (started by linbinghui in /Users/linbinghui/multica_workspaces_desktop-api.multica.ai/dcff7ac7-d176-443f-a5d5-fd1ad90ba9f3/670e6043/workdir/minimall)
2026-05-02T07:53:29.233+08:00  INFO 78710 --- [minimall] [           main] m.r.CustomerServiceMessageRepositoryTest : The following 1 profile is active: "test"
2026-05-02T07:53:29.431+08:00  INFO 78710 --- [minimall] [           main] .s.d.r.c.RepositoryConfigurationDelegate : Bootstrapping Spring Data JPA repositories in DEFAULT mode.
2026-05-02T07:53:29.466+08:00  INFO 78710 --- [minimall] [           main] .s.d.r.c.RepositoryConfigurationDelegate : Finished Spring Data repository scanning in 31 ms. Found 9 JPA repository interfaces.
2026-05-02T07:53:29.491+08:00  INFO 78710 --- [minimall] [           main] beddedDataSourceBeanFactoryPostProcessor : Replacing 'dataSource' DataSource bean with embedded version
2026-05-02T07:53:29.555+08:00  INFO 78710 --- [minimall] [           main] o.s.j.d.e.EmbeddedDatabaseFactory        : Starting embedded database: url='jdbc:h2:mem:278132a1-74ec-49cc-b39a-bde15b8aceca;DB_CLOSE_DELAY=-1;DB_CLOSE_ON_EXIT=false', username='sa'
2026-05-02T07:53:29.693+08:00  INFO 78710 --- [minimall] [           main] o.hibernate.jpa.internal.util.LogHelper  : HHH000204: Processing PersistenceUnitInfo [name: default]
2026-05-02T07:53:29.726+08:00  INFO 78710 --- [minimall] [           main] org.hibernate.Version                    : HHH000412: Hibernate ORM core version 6.4.4.Final
2026-05-02T07:53:29.742+08:00  INFO 78710 --- [minimall] [           main] o.h.c.internal.RegionFactoryInitiator    : HHH000026: Second-level cache disabled
2026-05-02T07:53:29.857+08:00  INFO 78710 --- [minimall] [           main] o.s.o.j.p.SpringPersistenceUnitInfo      : No LoadTimeWeaver setup: ignoring JPA class transformer
2026-05-02T07:53:29.881+08:00  WARN 78710 --- [minimall] [           main] org.hibernate.orm.deprecation            : HHH90000025: H2Dialect does not need to be specified explicitly using 'hibernate.dialect' (remove the property setting and it will be selected by default)
2026-05-02T07:53:30.370+08:00  INFO 78710 --- [minimall] [           main] o.h.e.t.j.p.i.JtaPlatformInitiator       : HHH000489: No JTA platform available (set 'hibernate.transaction.jta.platform' to enable JTA platform integration)
Hibernate: drop table if exists coupons cascade 
Hibernate: drop table if exists customer_service_messages cascade 
Hibernate: drop table if exists order_items cascade 
Hibernate: drop table if exists orders cascade 
Hibernate: drop table if exists products cascade 
Hibernate: drop table if exists share_rewards cascade 
Hibernate: drop table if exists user_coupons cascade 
Hibernate: drop table if exists user_subscriptions cascade 
Hibernate: drop table if exists users cascade 
Hibernate: create table coupons (coupon_type tinyint not null check (coupon_type between 0 and 2), discount_amount numeric(10,2), is_active boolean, min_order_amount numeric(10,2), remaining_quantity integer, total_quantity integer, created_at timestamp(6) with time zone not null, valid_from timestamp(6) with time zone not null, valid_until timestamp(6) with time zone not null, code varchar(255) not null, id varchar(255) not null, primary key (id))
Hibernate: create table customer_service_messages (from_customer boolean not null, completed_at timestamp(6) with time zone, created_at timestamp(6) with time zone not null, read_at timestamp(6) with time zone, transferred_at timestamp(6) with time zone, updated_at timestamp(6) with time zone, content varchar(4000) not null, reply varchar(4000), auto_reply_rule varchar(255), handler_id varchar(255), id varchar(255) not null, message_type varchar(255) not null check (message_type in ('TEXT','IMAGE','VOICE','VIDEO','LINK')), openid varchar(255) not null, status varchar(255) not null check (status in ('PENDING','PROCESSING','COMPLETED','TRANSFERRED')), primary key (id))
Hibernate: create table order_items (price numeric(10,2) not null, quantity integer not null, id varchar(255) not null, order_id varchar(255) not null, product_id varchar(255) not null, primary key (id))
Hibernate: create table orders (total_amount numeric(10,2) not null, created_at timestamp(6) with time zone not null, pay_time timestamp(6) with time zone, updated_at timestamp(6) with time zone, id varchar(255) not null, order_no varchar(255) not null unique, pay_status varchar(255) not null check (pay_status in ('UNPAID','PAID','REFUNDED')), status varchar(255) not null check (status in ('PENDING','PAID','SHIPPED','COMPLETED','CANCELLED')), trade_no varchar(255), user_id varchar(255) not null, primary key (id))
Hibernate: create table products (active boolean not null, price numeric(10,2) not null, stock integer not null, created_at timestamp(6) with time zone not null, updated_at timestamp(6) with time zone, description TEXT, id varchar(255) not null, image_url varchar(255), name varchar(255) not null, primary key (id))
Hibernate: create table share_rewards (reward_amount numeric(10,2), reward_type tinyint not null check (reward_type between 0 and 1), claimed_at timestamp(6) with time zone, created_at timestamp(6) with time zone not null, coupon_id varchar(255), id varchar(255) not null, order_id varchar(255), sharer_id varchar(255) not null, primary key (id))
Hibernate: create table user_coupons (is_used boolean not null, claimed_at timestamp(6) with time zone not null, used_at timestamp(6) with time zone, coupon_id varchar(255) not null, id varchar(255) not null, used_order_id varchar(255), user_id varchar(255) not null, primary key (id))
Hibernate: create table user_subscriptions (order_completed_enabled boolean not null, order_created_enabled boolean not null, order_paid_enabled boolean not null, order_shipped_enabled boolean not null, created_at timestamp(6) with time zone not null, updated_at timestamp(6) with time zone, id varchar(255) not null, openid varchar(255) not null unique, primary key (id))
Hibernate: create table users (created_at timestamp(6) with time zone not null, avatar_url varchar(255), id varchar(255) not null, nickname varchar(255) not null, openid varchar(255) not null unique, phone varchar(255) not null, role varchar(255) not null check (role in ('USER','ADMIN')), primary key (id))
Hibernate: alter table if exists order_items add constraint FKbioxgbv59vetrxe0ejfubep1w foreign key (order_id) references orders
Hibernate: alter table if exists order_items add constraint FKocimc7dtr037rh4ls4l95nlfi foreign key (product_id) references products
Hibernate: alter table if exists orders add constraint FK32ql8ubntj5uh44ph9659tiih foreign key (user_id) references users
Hibernate: alter table if exists share_rewards add constraint FKoxx8701l4r1hqaa3vjlym9qyd foreign key (sharer_id) references users
Hibernate: alter table if exists user_coupons add constraint FK9oi3p5xyfe4j32xs54nn7mi20 foreign key (coupon_id) references coupons
Hibernate: alter table if exists user_coupons add constraint FK654lvm2qu8l08pyg310mbd74h foreign key (user_id) references users
2026-05-02T07:53:30.404+08:00  INFO 78710 --- [minimall] [           main] j.LocalContainerEntityManagerFactoryBean : Initialized JPA EntityManagerFactory for persistence unit 'default'
2026-05-02T07:53:30.625+08:00  INFO 78710 --- [minimall] [           main] m.r.CustomerServiceMessageRepositoryTest : Started CustomerServiceMessageRepositoryTest in 1.523 seconds (process running for 2.033)
Hibernate: select csm1_0.id,csm1_0.auto_reply_rule,csm1_0.completed_at,csm1_0.content,csm1_0.created_at,csm1_0.from_customer,csm1_0.handler_id,csm1_0.message_type,csm1_0.openid,csm1_0.read_at,csm1_0.reply,csm1_0.status,csm1_0.transferred_at,csm1_0.updated_at from customer_service_messages csm1_0 where csm1_0.status=?
]]></system-out>
    <system-err><![CDATA[WARNING: A Java agent has been loaded dynamically (/Users/linbinghui/.m2/repository/net/bytebuddy/byte-buddy-agent/1.14.13/byte-buddy-agent-1.14.13.jar)
WARNING: If a serviceability tool is in use, please run with -XX:+EnableDynamicAgentLoading to hide this warning
WARNING: If a serviceability tool is not in use, please run with -Djdk.instrument.traceUsage for more information
WARNING: Dynamic loading of agents will be disallowed by default in a future release
]]></system-err>
  </testcase>
  <testcase name="saveAndFindByOpenid" classname="com.minimall.repository.CustomerServiceMessageRepositoryTest" time="0.048">
    <system-out><![CDATA[Hibernate: insert into customer_service_messages (auto_reply_rule,completed_at,content,created_at,from_customer,handler_id,message_type,openid,read_at,reply,status,transferred_at,updated_at,id) values (?,?,?,?,?,?,?,?,?,?,?,?,?,?)
Hibernate: select csm1_0.id,csm1_0.auto_reply_rule,csm1_0.completed_at,csm1_0.content,csm1_0.created_at,csm1_0.from_customer,csm1_0.handler_id,csm1_0.message_type,csm1_0.openid,csm1_0.read_at,csm1_0.reply,csm1_0.status,csm1_0.transferred_at,csm1_0.updated_at from customer_service_messages csm1_0 where csm1_0.openid=? order by csm1_0.created_at desc
]]></system-out>
  </testcase>
</testsuite>