<?xml version="1.0" encoding="UTF-8"?>
<testsuite xmlns:xsi="http://www.w3.org/2001/XMLSchema-instance" xsi:noNamespaceSchemaLocation="https://maven.apache.org/surefire/maven-surefire-plugin/xsd/surefire-test-report-3.0.xsd" version="3.0" name="com.minimall.controller.ProductControllerTest" time="0.236" tests="7" errors="0" skipped="0" failures="0">
  <properties>
[...]
</properties>
  <testcase name="getAllProducts_returnsNonPaginatedList" classname="com.minimall.controller.ProductControllerTest" time="0.014">
    <system-out><![CDATA[2026-05-29T04:10:12.159+08:00  INFO 13387 --- [minimall] [           main] t.c.s.AnnotationConfigContextLoaderUtils : Could not detect default configuration classes for test class [com.minimall.controller.ProductControllerTest]: ProductControllerTest does not declare any static, non-private, non-final, nested classes annotated with @Configuration.
2026-05-29T04:10:12.162+08:00  INFO 13387 --- [minimall] [           main] .b.t.c.SpringBootTestContextBootstrapper : Found @SpringBootConfiguration com.minimall.MinimallApplication for test class com.minimall.controller.ProductControllerTest

  .   ____          _            __ _ _
 /\\ / ___'_ __ _ _(_)_ __  __ _ \ \ \ \
( ( )\___ | '_ | '_| | '_ \/ _` | \ \ \ \
 \\/  ___)| |_)| | | | | || (_| |  ) ) ) )
  '  |____| .__|_| |_|_| |_\__, | / / / /
 =========|_|==============|___/=/_/_/_/
 :: Spring Boot ::                (v3.2.5)

2026-05-29T04:10:12.171+08:00  INFO 13387 --- [minimall] [           main] c.m.controller.ProductControllerTest     : Starting ProductControllerTest using Java 26.0.1 with PID 13387 (started by linbinghui in /Users/linbinghui/multica_workspaces_desktop-api.multica.ai/dcff7ac7-d176-443f-a5d5-fd1ad90ba9f3/3e11ee92/workdir/minimall)
2026-05-29T04:10:12.172+08:00  INFO 13387 --- [minimall] [           main] c.m.controller.ProductControllerTest     : No active profile set, falling back to 1 default profile: "default"
2026-05-29T04:10:12.325+08:00  WARN 13387 --- [minimall] [           main] .s.s.UserDetailsServiceAutoConfiguration : 

Using generated security password: c9d1a050-4846-40a9-84d0-3a7e6103c5cf

This generated password is for development use only. Your security configuration must be updated before running your application in production.

2026-05-29T04:10:12.328+08:00  INFO 13387 --- [minimall] [           main] o.s.s.web.DefaultSecurityFilterChain     : Will secure any request with [org.springframework.security.web.session.DisableEncodeUrlFilter@21edfc60, org.springframework.security.web.context.request.async.WebAsyncManagerIntegrationFilter@477f95b9, org.springframework.security.web.context.SecurityContextHolderFilter@1ba183be, org.springframework.security.web.header.HeaderWriterFilter@70b9f9a0, org.springframework.web.filter.CorsFilter@4c49fc2a, org.springframework.security.web.csrf.CsrfFilter@4848554b, org.springframework.security.web.authentication.logout.LogoutFilter@5e95ab37, org.springframework.security.web.authentication.UsernamePasswordAuthenticationFilter@69dc5c20, org.springframework.security.web.authentication.ui.DefaultLoginPageGeneratingFilter@1351dc8c, org.springframework.security.web.authentication.ui.DefaultLogoutPageGeneratingFilter@4a5d01fa, org.springframework.security.web.authentication.www.BasicAuthenticationFilter@1a639e3f, org.springframework.security.web.savedrequest.RequestCacheAwareFilter@11c96f8c, org.springframework.security.web.servletapi.SecurityContextHolderAwareRequestFilter@2c9a4446, org.springframework.security.web.authentication.AnonymousAuthenticationFilter@49dea2d, org.springframework.security.web.access.ExceptionTranslationFilter@26d377a4, org.springframework.security.web.access.intercept.AuthorizationFilter@3d7b61ed]
2026-05-29T04:10:12.331+08:00  INFO 13387 --- [minimall] [           main] o.s.b.t.m.w.SpringBootMockServletContext : Initializing Spring TestDispatcherServlet ''
2026-05-29T04:10:12.332+08:00  INFO 13387 --- [minimall] [           main] o.s.t.web.servlet.TestDispatcherServlet  : Initializing Servlet ''
2026-05-29T04:10:12.332+08:00  INFO 13387 --- [minimall] [           main] o.s.t.web.servlet.TestDispatcherServlet  : Completed initialization in 0 ms
2026-05-29T04:10:12.335+08:00  INFO 13387 --- [minimall] [           main] c.m.controller.ProductControllerTest     : Started ProductControllerTest in 0.172 seconds (process running for 7.114)
]]></system-out>
  </testcase>
  <testcase name="getProducts_returnsPageOfProducts" classname="com.minimall.controller.ProductControllerTest" time="0.015"/>
  <testcase name="getProduct_returnsProductById" classname="com.minimall.controller.ProductControllerTest" time="0.006"/>
  <testcase name="createProduct_returnsCreatedProduct" classname="com.minimall.controller.ProductControllerTest" time="0.009"/>
  <testcase name="searchProducts_returnsMatchingProducts" classname="com.minimall.controller.ProductControllerTest" time="0.003"/>
  <testcase name="deleteProduct_returnsNoContent" classname="com.minimall.controller.ProductControllerTest" time="0.003"/>
  <testcase name="updateProduct_returnsUpdatedProduct" classname="com.minimall.controller.ProductControllerTest" time="0.005"/>
</testsuite>